# JRE version: Java(TM) SE Runtime Environment (17.0.6+9) (build 17.0.6+9-LTS-190)
# Java VM: Java HotSpot(TM) 64-Bit Server VM (17.0.6+9-LTS-190, mixed mode, sharing, tiered, compressed oops, compressed class ptrs, g1 gc, windows-amd64)
GC Precious Log:
 CPUs: 4 total, 4 available
 Memory: 16239M
 Large Page Support: Disabled
 NUMA Support: Disabled
 Compressed Oops: Enabled (Zero based)
 Heap Region Size: 2M
 Heap Min Capacity: 8M
 Heap Initial Capacity: 254M
 Heap Max Capacity: 4060M
 Pre-touch: Disabled
 Parallel Workers: 4
 Concurrent Workers: 1
 Concurrent Refinement Workers: 4
 Periodic GC: Disabled
Heap:
 garbage-first heap   total 55296K, used 38753K [0x0000000702400000, 0x0000000800000000)
  region size 2048K, 11 young (22528K), 2 survivors (4096K)
 Metaspace       used 42200K, committed 42688K, reserved 1089536K
  class space    used 5513K, committed 5760K, reserved 1048576K
GC Heap History (20 events):
Event: 1.578 GC heap before
{Heap before GC invocations=1 (full 0):
 garbage-first heap   total 260096K, used 14170K [0x0000000702400000, 0x0000000800000000)
  region size 2048K, 6 young (12288K), 1 survivors (2048K)
 Metaspace       used 4870K, committed 5120K, reserved 1056768K
  class space    used 533K, committed 640K, reserved 1048576K
}
Event: 1.582 GC heap after
{Heap after GC invocations=2 (full 0):
 garbage-first heap   total 260096K, used 7521K [0x0000000702400000, 0x0000000800000000)
  region size 2048K, 1 young (2048K), 1 survivors (2048K)
 Metaspace       used 4870K, committed 5120K, reserved 1056768K
  class space    used 533K, committed 640K, reserved 1048576K
}
Event: 3.324 GC heap before
{Heap before GC invocations=2 (full 0):
 garbage-first heap   total 260096K, used 28001K [0x0000000702400000, 0x0000000800000000)
  region size 2048K, 11 young (22528K), 1 survivors (2048K)
 Metaspace       used 9658K, committed 9856K, reserved 1064960K
  class space    used 1179K, committed 1280K, reserved 1048576K
}
Event: 3.329 GC heap after
{Heap after GC invocations=3 (full 0):
 garbage-first heap   total 260096K, used 8981K [0x0000000702400000, 0x0000000800000000)
  region size 2048K, 2 young (4096K), 2 survivors (4096K)
 Metaspace       used 9658K, committed 9856K, reserved 1064960K
  class space    used 1179K, committed 1280K, reserved 1048576K
}
Event: 9.805 GC heap before
{Heap before GC invocations=3 (full 0):
 garbage-first heap   total 260096K, used 62229K [0x0000000702400000, 0x0000000800000000)
  region size 2048K, 29 young (59392K), 2 survivors (4096K)
 Metaspace       used 21284K, committed 21568K, reserved 1073152K
  class space    used 2642K, committed 2816K, reserved 1048576K
}
Event: 9.817 GC heap after
{Heap after GC invocations=4 (full 0):
 garbage-first heap   total 260096K, used 13008K [0x0000000702400000, 0x0000000800000000)
  region size 2048K, 4 young (8192K), 4 survivors (8192K)
 Metaspace       used 21284K, committed 21568K, reserved 1073152K
  class space    used 2642K, committed 2816K, reserved 1048576K
}
Event: 11.802 GC heap before
{Heap before GC invocations=5 (full 0):
 garbage-first heap   total 55296K, used 41680K [0x0000000702400000, 0x0000000800000000)
  region size 2048K, 19 young (38912K), 4 survivors (8192K)
 Metaspace       used 23336K, committed 23680K, reserved 1073152K
  class space    used 2851K, committed 3008K, reserved 1048576K
}
Event: 11.819 GC heap after
{Heap after GC invocations=6 (full 0):
 garbage-first heap   total 55296K, used 15666K [0x0000000702400000, 0x0000000800000000)
  region size 2048K, 5 young (10240K), 5 survivors (10240K)
 Metaspace       used 23336K, committed 23680K, reserved 1073152K
  class space    used 2851K, committed 3008K, reserved 1048576K
}
Event: 13.049 GC heap before
{Heap before GC invocations=6 (full 0):
 garbage-first heap   total 55296K, used 36146K [0x0000000702400000, 0x0000000800000000)
  region size 2048K, 15 young (30720K), 5 survivors (10240K)
 Metaspace       used 25731K, committed 26048K, reserved 1073152K
  class space    used 3205K, committed 3392K, reserved 1048576K
}
Event: 13.070 GC heap after
{Heap after GC invocations=7 (full 0):
 garbage-first heap   total 55296K, used 16011K [0x0000000702400000, 0x0000000800000000)
  region size 2048K, 1 young (2048K), 1 survivors (2048K)
 Metaspace       used 25731K, committed 26048K, reserved 1073152K
  class space    used 3205K, committed 3392K, reserved 1048576K
}
Event: 16.996 GC heap before
{Heap before GC invocations=7 (full 0):
 garbage-first heap   total 55296K, used 36491K [0x0000000702400000, 0x0000000800000000)
  region size 2048K, 11 young (22528K), 1 survivors (2048K)
 Metaspace       used 29413K, committed 29760K, reserved 1081344K
  class space    used 3738K, committed 3904K, reserved 1048576K
}
Event: 17.007 GC heap after
{Heap after GC invocations=8 (full 0):
 garbage-first heap   total 55296K, used 17985K [0x0000000702400000, 0x0000000800000000)
  region size 2048K, 2 young (4096K), 2 survivors (4096K)
 Metaspace       used 29413K, committed 29760K, reserved 1081344K
  class space    used 3738K, committed 3904K, reserved 1048576K
}
Event: 19.969 GC heap before
{Heap before GC invocations=8 (full 0):
 garbage-first heap   total 55296K, used 36417K [0x0000000702400000, 0x0000000800000000)
  region size 2048K, 12 young (24576K), 2 survivors (4096K)
 Metaspace       used 32773K, committed 33216K, reserved 1081344K
  class space    used 4138K, committed 4352K, reserved 1048576K
}
Event: 19.987 GC heap after
{Heap after GC invocations=9 (full 0):
 garbage-first heap   total 55296K, used 19461K [0x0000000702400000, 0x0000000800000000)
  region size 2048K, 2 young (4096K), 2 survivors (4096K)
 Metaspace       used 32773K, committed 33216K, reserved 1081344K
  class space    used 4138K, committed 4352K, reserved 1048576K
}
Event: 22.407 GC heap before
{Heap before GC invocations=9 (full 0):
 garbage-first heap   total 55296K, used 39941K [0x0000000702400000, 0x0000000800000000)
  region size 2048K, 12 young (24576K), 2 survivors (4096K)
 Metaspace       used 33691K, committed 34176K, reserved 1081344K
  class space    used 4268K, committed 4480K, reserved 1048576K
}
Event: 22.419 GC heap after
{Heap after GC invocations=10 (full 0):
 garbage-first heap   total 55296K, used 20176K [0x0000000702400000, 0x0000000800000000)
  region size 2048K, 2 young (4096K), 2 survivors (4096K)
 Metaspace       used 33691K, committed 34176K, reserved 1081344K
  class space    used 4268K, committed 4480K, reserved 1048576K
}
Event: 24.629 GC heap before
{Heap before GC invocations=10 (full 0):
 garbage-first heap   total 55296K, used 28368K [0x0000000702400000, 0x0000000800000000)
  region size 2048K, 8 young (16384K), 2 survivors (4096K)
 Metaspace       used 35765K, committed 36288K, reserved 1081344K
  class space    used 4577K, committed 4864K, reserved 1048576K
}
Event: 24.639 GC heap after
{Heap after GC invocations=11 (full 0):
 garbage-first heap   total 55296K, used 21196K [0x0000000702400000, 0x0000000800000000)
  region size 2048K, 1 young (2048K), 1 survivors (2048K)
 Metaspace       used 35765K, committed 36288K, reserved 1081344K
  class space    used 4577K, committed 4864K, reserved 1048576K
}
Event: 29.364 GC heap before
{Heap before GC invocations=12 (full 0):
 garbage-first heap   total 55296K, used 41676K [0x0000000702400000, 0x0000000800000000)
  region size 2048K, 11 young (22528K), 1 survivors (2048K)
 Metaspace       used 39747K, committed 40256K, reserved 1089536K
  class space    used 5187K, committed 5440K, reserved 1048576K
}
Event: 29.375 GC heap after
{Heap after GC invocations=13 (full 0):
 garbage-first heap   total 55296K, used 22369K [0x0000000702400000, 0x0000000800000000)
  region size 2048K, 2 young (4096K), 2 survivors (4096K)
 Metaspace       used 39747K, committed 40256K, reserved 1089536K
  class space    used 5187K, committed 5440K, reserved 1048576K
}

